<?xml version="1.0" encoding="UTF-8"?>
<testsuite xmlns:xsi="http://www.w3.org/2001/XMLSchema-instance" xsi:noNamespaceSchemaLocation="https://maven.apache.org/surefire/maven-surefire-plugin/xsd/surefire-test-report-3.0.xsd" version="3.0" name="com.huy.backend.service.TestMovieService" time="1.348" tests="2" errors="0" skipped="0" failures="0">
  <properties>
[...]
</properties>
  <testcase name="testGetAllMovies" classname="com.huy.backend.service.TestMovieService" time="0.016">
    <system-out><![CDATA[2025-01-09 09:30:15 - Could not detect default configuration classes for test class [com.huy.backend.service.TestMovieService]: TestMovieService does not declare any static, non-private, non-final, nested classes annotated with @Configuration.
2025-01-09 09:30:15 - Found @SpringBootConfiguration com.huy.backend.Application for test class com.huy.backend.service.TestMovieService

  .   ____          _            __ _ _
 /\\ / ___'_ __ _ _(_)_ __  __ _ \ \ \ \
( ( )\___ | '_ | '_| | '_ \/ _` | \ \ \ \
 \\/  ___)| |_)| | | | | || (_| |  ) ) ) )
  '  |____| .__|_| |_|_| |_\__, | / / / /
 =========|_|==============|___/=/_/_/_/

 :: Spring Boot ::                (v3.3.7)

2025-01-09 09:30:15 - Starting TestMovieService using Java 21.0.4 with PID 15660 (started by DELL in D:\movie-social-network\backend)
2025-01-09 09:30:15 - Running with Spring Boot v3.3.7, Spring v6.1.16
2025-01-09 09:30:15 - The following 1 profile is active: "local"
2025-01-09 09:30:15 - Bootstrapping Spring Data JPA repositories in DEFAULT mode.
2025-01-09 09:30:15 - Finished Spring Data repository scanning in 26 ms. Found 4 JPA repository interfaces.
2025-01-09 09:30:15 - HikariPool-3 - Starting...
2025-01-09 09:30:15 - HikariPool-3 - Added connection com.mysql.cj.jdbc.ConnectionImpl@25036ea
2025-01-09 09:30:15 - HikariPool-3 - Start completed.
2025-01-09 09:30:15 - Database: jdbc:mysql://localhost:3306/imdb_clone (MySQL 8.0)
2025-01-09 09:30:15 - Successfully validated 7 migrations (execution time 00:00.014s)
2025-01-09 09:30:15 - Current version of schema `imdb_clone`: 7
2025-01-09 09:30:15 - Schema `imdb_clone` is up to date. No migration necessary.
2025-01-09 09:30:15 - HHH000204: Processing PersistenceUnitInfo [name: default]
2025-01-09 09:30:15 - HHH000026: Second-level cache disabled
2025-01-09 09:30:15 - No LoadTimeWeaver setup: ignoring JPA class transformer
2025-01-09 09:30:16 - HHH000489: No JTA platform available (set 'hibernate.transaction.jta.platform' to enable JTA platform integration)
2025-01-09 09:30:16 - Initialized JPA EntityManagerFactory for persistence unit 'default'
2025-01-09 09:30:16 - Global AuthenticationManager configured with AuthenticationProvider bean with name authenticationProvider
2025-01-09 09:30:16 - Global AuthenticationManager configured with an AuthenticationProvider bean. UserDetailsService beans will not be used for username/password login. Consider removing the AuthenticationProvider bean. Alternatively, consider using the UserDetailsService in a manually instantiated DaoAuthenticationProvider.
2025-01-09 09:30:16 - spring.jpa.open-in-view is enabled by default. Therefore, database queries may be performed during view rendering. Explicitly configure spring.jpa.open-in-view to disable this warning
2025-01-09 09:30:16 - Started TestMovieService in 1.316 seconds (process running for 16.116)
]]></system-out>
  </testcase>
  <testcase name="getAllMoviesReturnEmptyPage" classname="com.huy.backend.service.TestMovieService" time="0.0"/>
</testsuite>